<?xml version="1.0" encoding="UTF-8"?>
<testsuite errors="0" failures="0" name="Metadata" skipped="1" tests="1" time="3.166000">
<testcase classname="Metadata" name="Search Google" time="3.166000">
  <skipped/>
  <system-out/>
  <system-err/>
</testcase>
  <system-out>
    <![CDATA[]]>
  </system-out>
  <system-err>
    <![CDATA[]]>
  </system-err>
</testsuite>
