<component name="ProjectRunConfigurationManager">
  <configuration default="false" name="test-server Hubbub" type="js.build_tools.npm">
    <package-json value="$PROJECT_DIR$/web/hubbub/package.json" />
    <command value="run" />
    <scripts>
      <script value="test-server" />
    </scripts>
    <node-interpreter value="project" />
    <envs />
    <method v="2" />
  </configuration>
</component>